<?xml version="1.0" encoding="UTF-8"?>
<testng-results ignored="0" total="1" passed="1" failed="0" skipped="0">
  <reporter-output>
  </reporter-output>
  <suite started-at="2023-11-11T13:32:50 IST" name="Default suite" finished-at="2023-11-11T13:33:11 IST" duration-ms="20934">
    <groups>
    </groups>
    <test started-at="2023-11-11T13:32:50 IST" name="Default test" finished-at="2023-11-11T13:33:11 IST" duration-ms="20934">
      <class name="pom.testScriptHRMValidAndInvalid">
        <test-method signature="testLogin()[pri:0, instance:pom.testScriptHRMValidAndInvalid@1349883]" started-at="2023-11-11T13:32:50 IST" name="testLogin" finished-at="2023-11-11T13:33:11 IST" duration-ms="20836" status="PASS">
          <reporter-output>
          </reporter-output>
        </test-method> <!-- testLogin -->
      </class> <!-- pom.testScriptHRMValidAndInvalid -->
    </test> <!-- Default test -->
  </suite> <!-- Default suite -->
</testng-results>
